mode: set
github.com/chuksgpfr/task-api/postgres/db.go:27.44,35.16 2 1
github.com/chuksgpfr/task-api/postgres/db.go:35.16,36.13 1 2
github.com/chuksgpfr/task-api/postgres/db.go:38.2,38.11 1 0
github.com/chuksgpfr/task-api/postgres/db.go:41.47,47.2 4 0
github.com/chuksgpfr/task-api/postgres/task.go:13.101,22.16 3 0
github.com/chuksgpfr/task-api/postgres/task.go:22.16,24.3 1 0
github.com/chuksgpfr/task-api/postgres/task.go:26.2,26.18 1 0
github.com/chuksgpfr/task-api/postgres/task.go:29.100,34.16 4 0
github.com/chuksgpfr/task-api/postgres/task.go:34.16,35.36 1 0
github.com/chuksgpfr/task-api/postgres/task.go:35.36,37.4 1 0
github.com/chuksgpfr/task-api/postgres/task.go:38.3,38.52 1 0
github.com/chuksgpfr/task-api/postgres/task.go:41.2,41.26 1 0
github.com/chuksgpfr/task-api/postgres/task.go:44.84,49.16 3 0
github.com/chuksgpfr/task-api/postgres/task.go:49.16,51.3 1 0
github.com/chuksgpfr/task-api/postgres/task.go:53.2,53.18 1 0
github.com/chuksgpfr/task-api/postgres/task.go:56.114,61.16 3 0
github.com/chuksgpfr/task-api/postgres/task.go:61.16,63.3 1 0
github.com/chuksgpfr/task-api/postgres/task.go:65.2,71.16 2 0
github.com/chuksgpfr/task-api/postgres/task.go:71.16,73.3 1 0
github.com/chuksgpfr/task-api/postgres/task.go:75.2,75.18 1 0
github.com/chuksgpfr/task-api/postgres/task.go:78.90,83.16 3 0
github.com/chuksgpfr/task-api/postgres/task.go:83.16,85.3 1 0
github.com/chuksgpfr/task-api/postgres/task.go:87.2,87.22 1 0
github.com/chuksgpfr/task-api/postgres/task.go:87.22,89.3 1 0
github.com/chuksgpfr/task-api/postgres/task.go:91.2,95.16 2 0
github.com/chuksgpfr/task-api/postgres/task.go:95.16,97.3 1 0
github.com/chuksgpfr/task-api/postgres/task.go:99.2,99.18 1 0
github.com/chuksgpfr/task-api/postgres/user.go:12.82,18.49 4 0
github.com/chuksgpfr/task-api/postgres/user.go:18.49,20.3 1 0
github.com/chuksgpfr/task-api/postgres/user.go:22.2,22.16 1 0
github.com/chuksgpfr/task-api/postgres/user.go:22.16,24.3 1 0
github.com/chuksgpfr/task-api/postgres/user.go:26.2,37.16 4 0
github.com/chuksgpfr/task-api/postgres/user.go:37.16,39.3 1 0
github.com/chuksgpfr/task-api/postgres/user.go:41.2,42.16 2 0
github.com/chuksgpfr/task-api/postgres/user.go:42.16,44.3 1 0
github.com/chuksgpfr/task-api/postgres/user.go:46.2,46.16 1 0
github.com/chuksgpfr/task-api/postgres/user.go:46.16,48.3 1 0
github.com/chuksgpfr/task-api/postgres/user.go:50.2,50.18 1 0
github.com/chuksgpfr/task-api/postgres/user.go:53.76,57.16 3 0
github.com/chuksgpfr/task-api/postgres/user.go:57.16,59.3 1 0
github.com/chuksgpfr/task-api/postgres/user.go:61.2,63.16 2 0
github.com/chuksgpfr/task-api/postgres/user.go:63.16,65.3 1 0
github.com/chuksgpfr/task-api/postgres/user.go:67.2,67.18 1 0
